info: System Logs: Nov-08-2021 16:17:03: app listening at port %s
info: System Logs: Nov-08-2021 16:36:02: app listening at port 3600
info: System Logs: Nov-08-2021 16:38:09: app listening at port 3600
info: System Logs: Nov-08-2021 16:39:25: app listening at port 3600
error: System Logs: Nov-08-2021 16:39:32: Error occurred when deleting user, please verify in test facility
info: System Logs: Nov-08-2021 16:40:35: app listening at port 3600
info: System Logs: Nov-08-2021 16:44:20: app listening at port 3600
info: System Logs: Nov-08-2021 16:44:42: app listening at port 3600
info: System Logs: Nov-08-2021 16:46:19: app listening at port 3600
info: System Logs: Nov-08-2021 16:51:11: app listening at port 3600
info: System Logs: Nov-08-2021 16:58:25: app listening at port 3600
info: System Logs: Nov-08-2021 17:21:32: app listening at port 3600
info: System Logs: Nov-08-2021 17:33:03: app listening at port 3600
info: System Logs: Nov-08-2021 17:33:41: app listening at port 3600
info: System Logs: Nov-08-2021 17:34:14: app listening at port 3600
info: System Logs: Nov-08-2021 17:34:34: app listening at port 3600
info: System Logs: Nov-08-2021 17:36:14: app listening at port 3600
info: System Logs: Nov-08-2021 17:39:25: app listening at port 3600
info: System Logs: Nov-08-2021 17:41:35: app listening at port 3600
info: System Logs: Nov-08-2021 17:43:01: app listening at port 3600
info: System Logs: Nov-08-2021 17:45:47: app listening at port 3600
info: System Logs: Nov-08-2021 17:45:52: Invalid request, No Body found for: [object Object]
info: System Logs: Nov-08-2021 17:46:56: app listening at port 3600
info: System Logs: Nov-08-2021 17:46:57: Invalid request, No Body found for: [object Object]
info: System Logs: Nov-08-2021 17:49:55: app listening at port 3600
info: System Logs: Nov-08-2021 17:50:13: Successfully Created a User
