info: User Logs: Nov-08-2021 18:11:39: User has gained access to: {
  _id: 6181cbb59df66c00164be4dc,
  uuid: 834730266770,
  username: 'your username',
  email: 'example@example.com',
  password: '$2b$15$TU96z0UCfYSMAnwTZ9bFHuj/y9/JZ6PEkxkhBNbmZe.048y8ae9PG',
  permissionLevel: 1,
  token: 'u.WgfFLnht98UZ_zKAcban9',
  privateKey: '-----BEGIN PRIVATE KEY-----\n' +
    'MIIEwAIBADANBgkqhkiG9w0BAQEFAASCBKowggSmAgEAAoIBAQDODdgBpCiTXCjF\n' +
    'LTQ7Ksei17VdFueOcfvVdXpUkX4hCG0mzs7XG/AukT3UZDjtVznSPWPBkgvRr2xP\n' +
    'o4F/8qj0Miz3gy5cXRteFLU5guMXHFrGDQ4J96o+ojeHwpRsb3XbBh8f8ybmNIK3\n' +
    '8uap4QfLSRkp7hW3Gu2YJwnbIsmjLFW9LKakdJJEKsP8D2Ckj+jvcMnQol6WekBk\n' +
    'V9EDhKVXtnd1QaCe/CyFzEpwR81KfoxH98OIX3uTwfuOWhLzZATogbnTB/fXze22\n' +
    'SlwLFkGC1rBSaHb3nvw7CS5oYjpn2+RnFbhwx8YNh36FOmJQ46znqkzwX8MCVQdM\n' +
    'InskeUu3AgMBAAECggEBAL9fBiYIE5NA/bCbWi41fjJUiuHJOwgF/vFyaUoP0ofV\n' +
    'bqKjYmFQVlK5nCYdau2rnE0RrQuDm6yEc2DHp6dwdNBPpYm/cRhhdOB89Q9T65t0\n' +
    'Py4/w7EoLxp6yH4zDmxjXJ8t4UxoJNGbJWi4lNhj4jxASLmzoMFtpgsw/qtidMkw\n' +
    '4fD8kTzk+EfQOG3yJ907aZlO0h77xngXQhBFNYuLagPxy3tYwVLaQC5mBLC+N5Qe\n' +
    'agoJ+mOr6qzqP0Zw6vX+2F7mzUa4/at9E34CiNY3L8UaHeLg6ZTxeVSAUrksr2AZ\n' +
    'CqGq4HpkPeFgi0Dz0kdDSuvUjUblzbKQet43g25AgmkCgYEA772lRjp/njcjatzI\n' +
    'quP0UIBiuGxzfIUkTI73sZEDNPLtJH5VCKRkVen5r/PPGgImHDC68/vFpTOmWj+3\n' +
    '17LxMlFnOIunevimYT4YS0nwotbDPSFCvO1yRCtGJGWEnAV/WvP3cE9tPB/iwNEL\n' +
    'cF15RdfgmAwmZ0cLtPDqucgYP70CgYEA3AdVMwsCCpQchhYvUDqbX4zgjd6mlcX+\n' +
    'GE8Y15hJjZGGeU4LRdf6/ORmENua3QmLCcwg774aXSDxtY0qhYyXwdkALwwW677S\n' +
    'FtsIrhxNF5g0ICagBP1FUW8H7kAONQCYAVGdwNi+jK44mcd74Nlt4mC9rWP4IX/d\n' +
    'ZY63ow3fRoMCgYEAsyi2alUtKb9q6GE2VP8lhUNsgwYJB/U3uz7cPAZyrw8byTnf\n' +
    'siWoFcxUm/lHu9f/QvHnxI1SlrKSjr8vVDKVrVTIHqm+71cCf4k3/ouzGP4FyZkh\n' +
    'lq6bxfXQ5UI4Z6B0HDRVpci1iUkK261dLwurpVY+sWHjESs2xHGF+HBgLsECgYEA\n' +
    '2XNBx4VMiingmr/YGKEjJuZykqMF3aVkPqAFPCUcJBY7YS05RNh0C3SqTmTKg0LI\n' +
    'L3GW53joUzuYxcVyzbOp04Fjhhubl3bp6H6l8HS11+irM08Y/HVWCWoC23pg0A77\n' +
    'Kup/TrSmdSBFfe1BR3F7AKx9KJxRAMJ+irzmTfYKwIMCgYEAh2L45fZgxRMZfjmZ\n' +
    'fb3+q+gzoUkUyez2Jh+YS3yoz7rAwIhVCWHevbwIkqQ0k8irzBeUThAGWLioARps\n' +
    'wIiGEfvEhxFiqvkNqIc57URzM3xxeOZl4STPRqQPOOiqRLyZpOe+t3VzuPwrRNrn\n' +
    'FGWLwmx0+AyduANn+vsk/fYKAkY=\n' +
    '-----END PRIVATE KEY-----\n',
  publicKey: '-----BEGIN PUBLIC KEY-----\n' +
    'MIIBIjANBgkqhkiG9w0BAQEFAAOCAQ8AMIIBCgKCAQEA7IcwDIvQvE7WStjQZ6KN\n' +
    'LhsuZpkv7E6nEWmHhCNP9oHyBIQb6SwzNPW4HlvDAVQ6vy0Ra2bkzdmnLIh7dhOK\n' +
    '0ytrqIMaKcJNEVehYT1OdRt85WNvOIgGsyy6JpbOKBcDgYNooWDjNXlgEyQ6rxkW\n' +
    'SLkGgMqhhUIQvqW12h6nnLSjfMAm6Foruox5kWNybIJ1X9EmcKXQCEg5/pbf69G+\n' +
    'YgeZ0BPOR6fpDs6y07VLvj9Qx7m5NYZ6qXieclczBT0d116jwFfkqpPsLPURFhaR\n' +
    'lPVh49f5qWLHGYj/Q2F/K/VVslr78IBUdBvrAYxLvVmWgLWHcLNU+a5jo7tXrdnj\n' +
    'JwIDAQAB\n' +
    '-----END PUBLIC KEY-----\n',
  __v: 0
},{
  _id: 6188c8a4afeda30d9c9f6fbc,
  uuid: 243862865532,
  username: 'kazutoKashima',
  email: 'phoenixreid03@gmail.com',
  password: '$2b$15$tuMMbZYOQFfFrlxIyJn5FuBLJD7ONy7eIBzukzIMJdhXBkJOzuv5.',
  permissionLevel: 1,
  token: 'u.QSqM3pw8UCduNPQTylF4vIIPzQPaZO20UBm6TappB1W_Vh2R8P1bPKoWfrJ0tWbKdkvwH7gw',
  privateKey: '-----BEGIN PRIVATE KEY-----\n' +
    'MIIEvQIBADANBgkqhkiG9w0BAQEFAASCBKcwggSjAgEAAoIBAQDUEf7Q0DGuPmX0\n' +
    'ULoZhUAOR2GGdaRg8a+/lfnhqrDIsSAp+SYlVA35ebuYDBpAAjOsrlDWyfPflD7Q\n' +
    'cajN1jIY8SUgCxBKADuURS0v6SyQqGdHzfekrbkSXFEYhtR5sp7x2FtFi+Vk65FJ\n' +
    'N4UYKIhHncJvGbGi4LWsD8Ry+8/pH6Sg1SA2FfRdHRqH9sAY+vBKxaIG/Gh119MV\n' +
    'nDbXn1eEp8RMPW2cts8NRddn5FE6kXFi3wiU7LzCEWjD+9AEjvfcgfuW6AmXepUr\n' +
    'Dy4m5ehSGfa6q2RBWuVRKd+kwldcstWo9c0ZwuYhFpmEK6Hc4nJWnf2Qplp+FK3q\n' +
    'M1mt/TY3AgMBAAECggEAHkUlTJPzC25/qgRd0+e3sXIR4xnmqSnGTr/vB32QN01F\n' +
    'DIiyH7DkP8BW/Qh5NLq7uoG1KztvUnH8F0+p6xuQUgwVowHBRPbMikjnfse3IzzO\n' +
    'ZSrqlrhvSsYfkzMnn+lVk6qwuHgT+bhAKCXDGyQp86L6jlYqC1gsxk8H2OvFjP5D\n' +
    'MpeRm+9CE7VpqCmZug4HE909L8qbO5lAa3fbZkPkADAcg1Q3/Hy+aeiGGKbfQbEY\n' +
    '2NaS2c1BMIBaUhCRm+E4Zq6I6JkVCHMDJJqAAWi19Tu5WSoduIiNY8AK6O1SDx8i\n' +
    'FZXGYmgxRM232qxX1ypI5dfQGB0zYsMh/+Eo9wQ4oQKBgQDfGZzHYVcf4bxmsLXf\n' +
    'XAn7fP/nDWnNFj2QoXz0dPIAkTIQ7tt3JLeuLxo0sofmkGs7OWIpVSlPt2aEK2Zs\n' +
    'rJTDHYKpWdbMbW23/QESxQXehTGOkWCYOLDPtMS2ZvFU9x5uI+bNs0OzHu2mI/hI\n' +
    'kQB+TjzBpOb4Es5WTzMeKJNDlwKBgQDzV/3tfF5x4Z6Kcmobym0Ly2yDoBOApPoj\n' +
    'PG/3fmC0xmJR1QlQY7KyShCK6JCJ5toosxM37wP/WYXidrTzWP6eOCMPNt578THx\n' +
    'bY4f33fDCDvDVfuPd7lQ5GX2ysnoe3e3+KiX0CuofjLy5lwHXGGWw6EfdjNLmKzg\n' +
    'mhRraF92YQKBgQDTSLxTjnomdXApiJ0VhWLmy0DHHsreMXvopydhlAdERj22D5/E\n' +
    'u/9AdNdKpPFTh94l3nh6UG6pUjVCYp/Dt8XC6wW9QJnOTKwmHPORRQoD7Pw72q4y\n' +
    'Oy4n5ziMzf0rzEUDZfjFQkqRLm8+cr5GaxyegZXEhlk/AwBqeOMeYqrkzQKBgCxs\n' +
    'V9LO7X7krUig8nX4Ukfg7wJoaqcFdxSPp/EKhST7Ql+mAHlIegrKMpLpOdmy5wif\n' +
    'CFchrx0ifqqE+Sujh3fiz6OrZJpDwdZNJbDz3q0gB6j1PWNHe/EkgOi4xHtIbuaK\n' +
    '4lw0iIPN5gcpvospdjdLp1JTBbI7QPQPrMKe3y6BAoGAGYcgoRT5D1QiT4W+Hc5s\n' +
    'gB9XqGa8emAEGAAga7n9KhliSG1uQfEynNGq4JjpndzoecQbi0+MZMFW5Nenj1d1\n' +
    'MDFr9AOMF3U9GQuYRpOjQZGMyeNenQLHdAm0ZYLudqBe7KLD5Rhs+GiPm5IVFGJV\n' +
    'GFVuQKm/ce6yO1ONq60ksK8=\n' +
    '-----END PRIVATE KEY-----\n',
  publicKey: '-----BEGIN PUBLIC KEY-----\n' +
    'MIIBIjANBgkqhkiG9w0BAQEFAAOCAQ8AMIIBCgKCAQEA0MTq1AlBw8vUQm+VUzpb\n' +
    '0Bi7JUfOEoED6wcImFAJRc8thG8ys0VRXXYIEoKxORO/d0v/acmYd/idtkPZzXCR\n' +
    'tovXodBPzRIEfGMebkxxM1/SmCVwCkYcNlybKuNSxbFdeCx71mhMEURhYTySSoTC\n' +
    'PDtpmJo5DG+ZopX36GLE8tld6fAHjGiAclc2gj0y/zBfd3CsVhGex4B+g8TFamqC\n' +
    'cUJLpr7jZPqHXeSvodCyKvhFBT6B/XeuobNVRszjiYQ4rvv08XQPclEpVL/f2d9k\n' +
    'nxvCpfKNd0ZUH5Ovxx4/M4MYuLoNKIFvvCeun+NWkmQC2nEJerKJB/A1KQmmLOZz\n' +
    'MQIDAQAB\n' +
    '-----END PUBLIC KEY-----\n',
  __v: 0
}
